  main.cpp
c:\users\ma_ba\source\repos\bubblesortopengl\bubblesortopengl\window.h(15): warning C4244: "return": Konvertierung von "GLint" in "GLfloat", möglicher Datenverlust
c:\users\ma_ba\source\repos\bubblesortopengl\bubblesortopengl\window.h(16): warning C4244: "return": Konvertierung von "GLint" in "GLfloat", möglicher Datenverlust
c:\users\ma_ba\source\repos\bubblesortopengl\bubblesortopengl\main.cpp(248): warning C4267: "=": Konvertierung von "size_t" nach "int", Datenverlust möglich
  Mesh.cpp
  Shader.cpp
c:\users\ma_ba\source\repos\bubblesortopengl\bubblesortopengl\shader.cpp(123): warning C4267: "=": Konvertierung von "size_t" nach "GLint", Datenverlust möglich
  TextLine.cpp
  TextMesh.cpp
  Texture.cpp
  Window.cpp
c:\users\ma_ba\source\repos\bubblesortopengl\bubblesortopengl\window.h(15): warning C4244: "return": Konvertierung von "GLint" in "GLfloat", möglicher Datenverlust
c:\users\ma_ba\source\repos\bubblesortopengl\bubblesortopengl\window.h(16): warning C4244: "return": Konvertierung von "GLint" in "GLfloat", möglicher Datenverlust
c:\users\ma_ba\source\repos\bubblesortopengl\bubblesortopengl\window.cpp(122): warning C4244: "=": Konvertierung von "double" in "GLfloat", möglicher Datenverlust
c:\users\ma_ba\source\repos\bubblesortopengl\bubblesortopengl\window.cpp(123): warning C4244: "=": Konvertierung von "double" in "GLfloat", möglicher Datenverlust
c:\users\ma_ba\source\repos\bubblesortopengl\bubblesortopengl\window.cpp(127): warning C4244: "=": Konvertierung von "double" in "GLfloat", möglicher Datenverlust
c:\users\ma_ba\source\repos\bubblesortopengl\bubblesortopengl\window.cpp(128): warning C4244: "=": Konvertierung von "double" in "GLfloat", möglicher Datenverlust
c:\users\ma_ba\source\repos\bubblesortopengl\bubblesortopengl\window.cpp(130): warning C4244: "=": Konvertierung von "double" in "GLfloat", möglicher Datenverlust
c:\users\ma_ba\source\repos\bubblesortopengl\bubblesortopengl\window.cpp(131): warning C4244: "=": Konvertierung von "double" in "GLfloat", möglicher Datenverlust
main.obj : error LNK2001: Nicht aufgelöstes externes Symbol "glfwSwapBuffers".
main.obj : error LNK2001: Nicht aufgelöstes externes Symbol "__imp___glewUseProgram".
main.obj : error LNK2001: Nicht aufgelöstes externes Symbol "glfwPollEvents".
main.obj : error LNK2001: Nicht aufgelöstes externes Symbol "__imp___glewUniform1f".
main.obj : error LNK2001: Nicht aufgelöstes externes Symbol "__imp___glewUniformMatrix4fv".
main.obj : error LNK2001: Nicht aufgelöstes externes Symbol "glfwWindowShouldClose".
Mesh.obj : error LNK2001: Nicht aufgelöstes externes Symbol "__imp___glewEnableVertexAttribArray".
Mesh.obj : error LNK2001: Nicht aufgelöstes externes Symbol "__imp___glewBindVertexArray".
Mesh.obj : error LNK2001: Nicht aufgelöstes externes Symbol "__imp___glewVertexAttribPointer".
Mesh.obj : error LNK2001: Nicht aufgelöstes externes Symbol "__imp___glewBindBuffer".
Mesh.obj : error LNK2001: Nicht aufgelöstes externes Symbol "__imp___glewDeleteVertexArrays".
Mesh.obj : error LNK2001: Nicht aufgelöstes externes Symbol "__imp___glewBufferData".
Mesh.obj : error LNK2001: Nicht aufgelöstes externes Symbol "__imp___glewGenVertexArrays".
Mesh.obj : error LNK2001: Nicht aufgelöstes externes Symbol "__imp___glewGenBuffers".
Mesh.obj : error LNK2001: Nicht aufgelöstes externes Symbol "__imp___glewDeleteBuffers".
Shader.obj : error LNK2001: Nicht aufgelöstes externes Symbol "__imp___glewGetShaderiv".
Shader.obj : error LNK2001: Nicht aufgelöstes externes Symbol "__imp___glewCompileShader".
Shader.obj : error LNK2001: Nicht aufgelöstes externes Symbol "__imp___glewCreateShader".
Shader.obj : error LNK2001: Nicht aufgelöstes externes Symbol "__imp___glewCreateProgram".
Shader.obj : error LNK2001: Nicht aufgelöstes externes Symbol "__imp___glewGetShaderInfoLog".
Shader.obj : error LNK2001: Nicht aufgelöstes externes Symbol "__imp___glewValidateProgram".
Shader.obj : error LNK2001: Nicht aufgelöstes externes Symbol "__imp___glewGetProgramiv".
Shader.obj : error LNK2001: Nicht aufgelöstes externes Symbol "__imp___glewGetUniformLocation".
Shader.obj : error LNK2001: Nicht aufgelöstes externes Symbol "__imp___glewAttachShader".
Shader.obj : error LNK2001: Nicht aufgelöstes externes Symbol "__imp___glewDeleteProgram".
Shader.obj : error LNK2001: Nicht aufgelöstes externes Symbol "__imp___glewShaderSource".
Shader.obj : error LNK2001: Nicht aufgelöstes externes Symbol "__imp___glewGetProgramInfoLog".
Shader.obj : error LNK2001: Nicht aufgelöstes externes Symbol "__imp___glewLinkProgram".
Texture.obj : error LNK2001: Nicht aufgelöstes externes Symbol "__imp___glewActiveTexture".
Texture.obj : error LNK2001: Nicht aufgelöstes externes Symbol "__imp___glewGenerateMipmap".
Window.obj : error LNK2001: Nicht aufgelöstes externes Symbol "glfwGetWindowUserPointer".
Window.obj : error LNK2001: Nicht aufgelöstes externes Symbol "glfwGetFramebufferSize".
Window.obj : error LNK2001: Nicht aufgelöstes externes Symbol "glfwTerminate".
Window.obj : error LNK2001: Nicht aufgelöstes externes Symbol "glfwInit".
Window.obj : error LNK2001: Nicht aufgelöstes externes Symbol "glfwSetKeyCallback".
Window.obj : error LNK2001: Nicht aufgelöstes externes Symbol "glfwSetWindowShouldClose".
Window.obj : error LNK2001: Nicht aufgelöstes externes Symbol "glfwCreateWindow".
Window.obj : error LNK2001: Nicht aufgelöstes externes Symbol "glfwWindowHint".
Window.obj : error LNK2001: Nicht aufgelöstes externes Symbol "glfwMakeContextCurrent".
Window.obj : error LNK2001: Nicht aufgelöstes externes Symbol "glfwSetWindowUserPointer".
Window.obj : error LNK2001: Nicht aufgelöstes externes Symbol "glfwDestroyWindow".
Window.obj : error LNK2001: Nicht aufgelöstes externes Symbol "__imp_glewExperimental".
Window.obj : error LNK2001: Nicht aufgelöstes externes Symbol "glfwSetCursorPosCallback".
Window.obj : error LNK2001: Nicht aufgelöstes externes Symbol "__imp_glewInit".
C:\Users\ma_ba\source\repos\BubblesortOpenGL\x64\Release\BubblesortOpenGL.exe : fatal error LNK1120: 44 nicht aufgelöste Externe
